<?xml version="1.0"?>
<component name="org.nuxeo.ecm.core.redis.pubsub.test">

  <require>org.nuxeo.ecm.core.redis</require>

  <extension target="org.nuxeo.runtime.pubsub.PubSubService" point="configuration">
    <provider class="org.nuxeo.ecm.core.redis.contribs.RedisPubSubProvider"/>
  </extension>

</component>
